<?xml version="1.0" encoding="UTF-8"?>
<testng-results skipped="0" failed="2" ignored="0" total="8" passed="6">
  <reporter-output>
  </reporter-output>
  <suite name="Suite" duration-ms="546918" started-at="2023-03-30T19:44:02 AEDT" finished-at="2023-03-30T19:53:09 AEDT">
    <groups>
    </groups>
    <test name="Test" duration-ms="546918" started-at="2023-03-30T19:44:02 AEDT" finished-at="2023-03-30T19:53:09 AEDT">
      <class name="org.testing.TestScripts.TC8">
        <test-method status="PASS" signature="BrowserLaunch()[pri:0, instance:org.testing.TestScripts.TC8@5ed828d]" name="BrowserLaunch" is-config="true" duration-ms="39277" started-at="2023-03-30T19:44:02 AEDT" finished-at="2023-03-30T19:44:41 AEDT">
          <reporter-output>
          </reporter-output>
        </test-method> <!-- BrowserLaunch -->
        <test-method status="PASS" signature="ClickHistory()[pri:0, instance:org.testing.TestScripts.TC8@5ed828d]" name="ClickHistory" duration-ms="71840" started-at="2023-03-30T19:44:41 AEDT" finished-at="2023-03-30T19:45:53 AEDT">
          <reporter-output>
          </reporter-output>
        </test-method> <!-- ClickHistory -->
        <test-method status="PASS" signature="BrowserClose()[pri:0, instance:org.testing.TestScripts.TC8@5ed828d]" name="BrowserClose" is-config="true" duration-ms="4571" started-at="2023-03-30T19:45:53 AEDT" finished-at="2023-03-30T19:45:58 AEDT">
          <reporter-output>
          </reporter-output>
        </test-method> <!-- BrowserClose -->
      </class> <!-- org.testing.TestScripts.TC8 -->
      <class name="org.testing.TestScripts.TC7">
        <test-method status="PASS" signature="BrowserLaunch()[pri:0, instance:org.testing.TestScripts.TC7@28ac3dc3]" name="BrowserLaunch" is-config="true" duration-ms="22555" started-at="2023-03-30T19:45:58 AEDT" finished-at="2023-03-30T19:46:21 AEDT">
          <reporter-output>
          </reporter-output>
        </test-method> <!-- BrowserLaunch -->
        <test-method status="PASS" signature="ClickWatchLater()[pri:0, instance:org.testing.TestScripts.TC7@28ac3dc3]" name="ClickWatchLater" duration-ms="51070" started-at="2023-03-30T19:46:21 AEDT" finished-at="2023-03-30T19:47:12 AEDT">
          <reporter-output>
          </reporter-output>
        </test-method> <!-- ClickWatchLater -->
        <test-method status="PASS" signature="BrowserClose()[pri:0, instance:org.testing.TestScripts.TC7@28ac3dc3]" name="BrowserClose" is-config="true" duration-ms="5416" started-at="2023-03-30T19:47:12 AEDT" finished-at="2023-03-30T19:47:17 AEDT">
          <reporter-output>
          </reporter-output>
        </test-method> <!-- BrowserClose -->
      </class> <!-- org.testing.TestScripts.TC7 -->
      <class name="org.testing.TestScripts.TC4">
        <test-method status="PASS" signature="BrowserLaunch()[pri:0, instance:org.testing.TestScripts.TC4@1d371b2d]" name="BrowserLaunch" is-config="true" duration-ms="23617" started-at="2023-03-30T19:49:21 AEDT" finished-at="2023-03-30T19:49:45 AEDT">
          <reporter-output>
          </reporter-output>
        </test-method> <!-- BrowserLaunch -->
        <test-method status="PASS" signature="Testcase4()[pri:0, instance:org.testing.TestScripts.TC4@1d371b2d]" name="Testcase4" duration-ms="39237" started-at="2023-03-30T19:49:45 AEDT" finished-at="2023-03-30T19:50:24 AEDT">
          <reporter-output>
          </reporter-output>
        </test-method> <!-- Testcase4 -->
        <test-method status="PASS" signature="BrowserClose()[pri:0, instance:org.testing.TestScripts.TC4@1d371b2d]" name="BrowserClose" is-config="true" duration-ms="1232" started-at="2023-03-30T19:50:24 AEDT" finished-at="2023-03-30T19:50:25 AEDT">
          <reporter-output>
          </reporter-output>
        </test-method> <!-- BrowserClose -->
      </class> <!-- org.testing.TestScripts.TC4 -->
      <class name="org.testing.TestScripts.TC3">
        <test-method status="PASS" signature="BrowserLaunch()[pri:0, instance:org.testing.TestScripts.TC3@543c6f6d]" name="BrowserLaunch" is-config="true" duration-ms="18330" started-at="2023-03-30T19:50:25 AEDT" finished-at="2023-03-30T19:50:44 AEDT">
          <reporter-output>
          </reporter-output>
        </test-method> <!-- BrowserLaunch -->
        <test-method status="PASS" signature="ClickSubscriptions()[pri:0, instance:org.testing.TestScripts.TC3@543c6f6d]" name="ClickSubscriptions" duration-ms="34480" started-at="2023-03-30T19:50:44 AEDT" finished-at="2023-03-30T19:51:18 AEDT">
          <reporter-output>
          </reporter-output>
        </test-method> <!-- ClickSubscriptions -->
        <test-method status="PASS" signature="BrowserClose()[pri:0, instance:org.testing.TestScripts.TC3@543c6f6d]" name="BrowserClose" is-config="true" duration-ms="568" started-at="2023-03-30T19:51:18 AEDT" finished-at="2023-03-30T19:51:19 AEDT">
          <reporter-output>
          </reporter-output>
        </test-method> <!-- BrowserClose -->
      </class> <!-- org.testing.TestScripts.TC3 -->
      <class name="org.testing.TestScripts.TC6">
        <test-method status="PASS" signature="BrowserLaunch()[pri:0, instance:org.testing.TestScripts.TC6@32eebfca]" name="BrowserLaunch" is-config="true" duration-ms="23986" started-at="2023-03-30T19:47:17 AEDT" finished-at="2023-03-30T19:47:41 AEDT">
          <reporter-output>
          </reporter-output>
        </test-method> <!-- BrowserLaunch -->
        <test-method status="FAIL" signature="testcase6()[pri:0, instance:org.testing.TestScripts.TC6@32eebfca]" name="testcase6" duration-ms="41823" started-at="2023-03-30T19:47:41 AEDT" finished-at="2023-03-30T19:48:23 AEDT">
          <exception class="org.openqa.selenium.NoSuchElementException">
            <message>
              <![CDATA[no such element: Unable to locate element: {"method":"xpath","selector":"//*[@role='textbox' and @id='simplebox-placeholder']"}
  (Session info: chrome=111.0.5563.147)
For documentation on this error, please visit: https://selenium.dev/exceptions/#no_such_element
Build info: version: '4.8.3', revision: 'e5e76298c3'
System info: os.name: 'Windows 10', os.arch: 'amd64', os.version: '10.0', java.version: '1.8.0_341'
Driver info: org.openqa.selenium.chrome.ChromeDriver
Command: [916ab26953369cf1d9b5053fe2481526, findElement {using=xpath, value=//*[@role='textbox' and @id='simplebox-placeholder']}]
Capabilities {acceptInsecureCerts: false, browserName: chrome, browserVersion: 111.0.5563.147, chrome: {chromedriverVersion: 111.0.5563.64 (c710e93d5b63..., userDataDir: C:\Users\Sony\AppData\Local...}, goog:chromeOptions: {debuggerAddress: localhost:52783}, networkConnectionEnabled: false, pageLoadStrategy: normal, platformName: WINDOWS, proxy: Proxy(), se:cdp: ws://localhost:52783/devtoo..., se:cdpVersion: 111.0.5563.147, setWindowRect: true, strictFileInteractability: false, timeouts: {implicit: 0, pageLoad: 300000, script: 30000}, unhandledPromptBehavior: dismiss and notify, webauthn:extension:credBlob: true, webauthn:extension:largeBlob: true, webauthn:extension:minPinLength: true, webauthn:extension:prf: true, webauthn:virtualAuthenticators: true}
Session ID: 916ab26953369cf1d9b5053fe2481526]]>
            </message>
            <full-stacktrace>
              <![CDATA[org.openqa.selenium.NoSuchElementException: no such element: Unable to locate element: {"method":"xpath","selector":"//*[@role='textbox' and @id='simplebox-placeholder']"}
  (Session info: chrome=111.0.5563.147)
For documentation on this error, please visit: https://selenium.dev/exceptions/#no_such_element
Build info: version: '4.8.3', revision: 'e5e76298c3'
System info: os.name: 'Windows 10', os.arch: 'amd64', os.version: '10.0', java.version: '1.8.0_341'
Driver info: org.openqa.selenium.chrome.ChromeDriver
Command: [916ab26953369cf1d9b5053fe2481526, findElement {using=xpath, value=//*[@role='textbox' and @id='simplebox-placeholder']}]
Capabilities {acceptInsecureCerts: false, browserName: chrome, browserVersion: 111.0.5563.147, chrome: {chromedriverVersion: 111.0.5563.64 (c710e93d5b63..., userDataDir: C:\Users\Sony\AppData\Local...}, goog:chromeOptions: {debuggerAddress: localhost:52783}, networkConnectionEnabled: false, pageLoadStrategy: normal, platformName: WINDOWS, proxy: Proxy(), se:cdp: ws://localhost:52783/devtoo..., se:cdpVersion: 111.0.5563.147, setWindowRect: true, strictFileInteractability: false, timeouts: {implicit: 0, pageLoad: 300000, script: 30000}, unhandledPromptBehavior: dismiss and notify, webauthn:extension:credBlob: true, webauthn:extension:largeBlob: true, webauthn:extension:minPinLength: true, webauthn:extension:prf: true, webauthn:virtualAuthenticators: true}
Session ID: 916ab26953369cf1d9b5053fe2481526
at sun.reflect.NativeConstructorAccessorImpl.newInstance0(Native Method)
at sun.reflect.NativeConstructorAccessorImpl.newInstance(NativeConstructorAccessorImpl.java:62)
at sun.reflect.DelegatingConstructorAccessorImpl.newInstance(DelegatingConstructorAccessorImpl.java:45)
at java.lang.reflect.Constructor.newInstance(Constructor.java:423)
at org.openqa.selenium.remote.codec.w3c.W3CHttpResponseCodec.createException(W3CHttpResponseCodec.java:200)
at org.openqa.selenium.remote.codec.w3c.W3CHttpResponseCodec.decode(W3CHttpResponseCodec.java:133)
at org.openqa.selenium.remote.codec.w3c.W3CHttpResponseCodec.decode(W3CHttpResponseCodec.java:53)
at org.openqa.selenium.remote.HttpCommandExecutor.execute(HttpCommandExecutor.java:193)
at org.openqa.selenium.remote.service.DriverCommandExecutor.invokeExecute(DriverCommandExecutor.java:183)
at org.openqa.selenium.remote.service.DriverCommandExecutor.execute(DriverCommandExecutor.java:158)
at org.openqa.selenium.remote.RemoteWebDriver.execute(RemoteWebDriver.java:543)
at org.openqa.selenium.remote.ElementLocation$ElementFinder$2.findElement(ElementLocation.java:162)
at org.openqa.selenium.remote.ElementLocation.findElement(ElementLocation.java:60)
at org.openqa.selenium.remote.RemoteWebDriver.findElement(RemoteWebDriver.java:352)
at org.openqa.selenium.remote.RemoteWebDriver.findElement(RemoteWebDriver.java:344)
at org.testing.pages.VideoPlay.AddComment(VideoPlay.java:57)
at org.testing.TestScripts.TC6.testcase6(TC6.java:24)
at sun.reflect.NativeMethodAccessorImpl.invoke0(Native Method)
at sun.reflect.NativeMethodAccessorImpl.invoke(NativeMethodAccessorImpl.java:62)
at sun.reflect.DelegatingMethodAccessorImpl.invoke(DelegatingMethodAccessorImpl.java:43)
at java.lang.reflect.Method.invoke(Method.java:498)
at org.testng.internal.MethodInvocationHelper.invokeMethod(MethodInvocationHelper.java:133)
at org.testng.internal.TestInvoker.invokeMethod(TestInvoker.java:598)
at org.testng.internal.TestInvoker.invokeTestMethod(TestInvoker.java:173)
at org.testng.internal.MethodRunner.runInSequence(MethodRunner.java:46)
at org.testng.internal.TestInvoker$MethodInvocationAgent.invoke(TestInvoker.java:824)
at org.testng.internal.TestInvoker.invokeTestMethods(TestInvoker.java:146)
at org.testng.internal.TestMethodWorker.invokeTestMethods(TestMethodWorker.java:146)
at org.testng.internal.TestMethodWorker.run(TestMethodWorker.java:128)
at java.util.ArrayList.forEach(ArrayList.java:1259)
at org.testng.TestRunner.privateRun(TestRunner.java:794)
at org.testng.TestRunner.run(TestRunner.java:596)
at org.testng.SuiteRunner.runTest(SuiteRunner.java:377)
at org.testng.SuiteRunner.runSequentially(SuiteRunner.java:371)
at org.testng.SuiteRunner.privateRun(SuiteRunner.java:332)
at org.testng.SuiteRunner.run(SuiteRunner.java:276)
at org.testng.SuiteRunnerWorker.runSuite(SuiteRunnerWorker.java:53)
at org.testng.SuiteRunnerWorker.run(SuiteRunnerWorker.java:96)
at org.testng.TestNG.runSuitesSequentially(TestNG.java:1212)
at org.testng.TestNG.runSuitesLocally(TestNG.java:1134)
at org.testng.TestNG.runSuites(TestNG.java:1063)
at org.testng.TestNG.run(TestNG.java:1031)
at org.testng.remote.AbstractRemoteTestNG.run(AbstractRemoteTestNG.java:115)
at org.testng.remote.RemoteTestNG.initAndRun(RemoteTestNG.java:251)
at org.testng.remote.RemoteTestNG.main(RemoteTestNG.java:77)
]]>
            </full-stacktrace>
          </exception> <!-- org.openqa.selenium.NoSuchElementException -->
          <reporter-output>
          </reporter-output>
        </test-method> <!-- testcase6 -->
        <test-method status="PASS" signature="BrowserClose()[pri:0, instance:org.testing.TestScripts.TC6@32eebfca]" name="BrowserClose" is-config="true" duration-ms="919" started-at="2023-03-30T19:48:23 AEDT" finished-at="2023-03-30T19:48:24 AEDT">
          <reporter-output>
          </reporter-output>
        </test-method> <!-- BrowserClose -->
      </class> <!-- org.testing.TestScripts.TC6 -->
      <class name="org.testing.TestScripts.TC5">
        <test-method status="PASS" signature="BrowserLaunch()[pri:0, instance:org.testing.TestScripts.TC5@4e718207]" name="BrowserLaunch" is-config="true" duration-ms="16116" started-at="2023-03-30T19:48:24 AEDT" finished-at="2023-03-30T19:48:40 AEDT">
          <reporter-output>
          </reporter-output>
        </test-method> <!-- BrowserLaunch -->
        <test-method status="PASS" signature="ClickHistory()[pri:0, instance:org.testing.TestScripts.TC5@4e718207]" name="ClickHistory" duration-ms="39352" started-at="2023-03-30T19:48:40 AEDT" finished-at="2023-03-30T19:49:19 AEDT">
          <reporter-output>
          </reporter-output>
        </test-method> <!-- ClickHistory -->
        <test-method status="PASS" signature="BrowserClose()[pri:0, instance:org.testing.TestScripts.TC5@4e718207]" name="BrowserClose" is-config="true" duration-ms="1880" started-at="2023-03-30T19:49:19 AEDT" finished-at="2023-03-30T19:49:21 AEDT">
          <reporter-output>
          </reporter-output>
        </test-method> <!-- BrowserClose -->
      </class> <!-- org.testing.TestScripts.TC5 -->
      <class name="org.testing.TestScripts.TC2">
        <test-method status="PASS" signature="BrowserLaunch()[pri:0, instance:org.testing.TestScripts.TC2@13eb8acf]" name="BrowserLaunch" is-config="true" duration-ms="17360" started-at="2023-03-30T19:51:19 AEDT" finished-at="2023-03-30T19:51:36 AEDT">
          <reporter-output>
          </reporter-output>
        </test-method> <!-- BrowserLaunch -->
        <test-method status="PASS" signature="ClickHistory()[pri:0, instance:org.testing.TestScripts.TC2@13eb8acf]" name="ClickHistory" duration-ms="30022" started-at="2023-03-30T19:51:36 AEDT" finished-at="2023-03-30T19:52:06 AEDT">
          <reporter-output>
          </reporter-output>
        </test-method> <!-- ClickHistory -->
        <test-method status="PASS" signature="BrowserClose()[pri:0, instance:org.testing.TestScripts.TC2@13eb8acf]" name="BrowserClose" is-config="true" duration-ms="1008" started-at="2023-03-30T19:52:06 AEDT" finished-at="2023-03-30T19:52:07 AEDT">
          <reporter-output>
          </reporter-output>
        </test-method> <!-- BrowserClose -->
      </class> <!-- org.testing.TestScripts.TC2 -->
      <class name="org.testing.TestScripts.TC1">
        <test-method status="PASS" signature="BrowserLaunch()[pri:0, instance:org.testing.TestScripts.TC1@7403c468]" name="BrowserLaunch" is-config="true" duration-ms="18227" started-at="2023-03-30T19:52:07 AEDT" finished-at="2023-03-30T19:52:25 AEDT">
          <reporter-output>
          </reporter-output>
        </test-method> <!-- BrowserLaunch -->
        <test-method status="FAIL" signature="ClickTrending()[pri:0, instance:org.testing.TestScripts.TC1@7403c468]" name="ClickTrending" duration-ms="43287" started-at="2023-03-30T19:52:25 AEDT" finished-at="2023-03-30T19:53:09 AEDT">
          <exception class="java.lang.Error">
            <message>
              <![CDATA[Unresolved compilation problem: 
FileUtils cannot be resolved
]]>
            </message>
            <full-stacktrace>
              <![CDATA[java.lang.Error: Unresolved compilation problem: 
FileUtils cannot be resolved

at org.testing.utilities.ScreenshotCapture.TakeScreenshot(ScreenshotCapture.java:17)
at org.testing.TestScripts.TC1.ClickTrending(TC1.java:37)
at sun.reflect.NativeMethodAccessorImpl.invoke0(Native Method)
at sun.reflect.NativeMethodAccessorImpl.invoke(NativeMethodAccessorImpl.java:62)
at sun.reflect.DelegatingMethodAccessorImpl.invoke(DelegatingMethodAccessorImpl.java:43)
at java.lang.reflect.Method.invoke(Method.java:498)
at org.testng.internal.MethodInvocationHelper.invokeMethod(MethodInvocationHelper.java:133)
at org.testng.internal.TestInvoker.invokeMethod(TestInvoker.java:598)
at org.testng.internal.TestInvoker.invokeTestMethod(TestInvoker.java:173)
at org.testng.internal.MethodRunner.runInSequence(MethodRunner.java:46)
at org.testng.internal.TestInvoker$MethodInvocationAgent.invoke(TestInvoker.java:824)
at org.testng.internal.TestInvoker.invokeTestMethods(TestInvoker.java:146)
at org.testng.internal.TestMethodWorker.invokeTestMethods(TestMethodWorker.java:146)
at org.testng.internal.TestMethodWorker.run(TestMethodWorker.java:128)
at java.util.ArrayList.forEach(ArrayList.java:1259)
at org.testng.TestRunner.privateRun(TestRunner.java:794)
at org.testng.TestRunner.run(TestRunner.java:596)
at org.testng.SuiteRunner.runTest(SuiteRunner.java:377)
at org.testng.SuiteRunner.runSequentially(SuiteRunner.java:371)
at org.testng.SuiteRunner.privateRun(SuiteRunner.java:332)
at org.testng.SuiteRunner.run(SuiteRunner.java:276)
at org.testng.SuiteRunnerWorker.runSuite(SuiteRunnerWorker.java:53)
at org.testng.SuiteRunnerWorker.run(SuiteRunnerWorker.java:96)
at org.testng.TestNG.runSuitesSequentially(TestNG.java:1212)
at org.testng.TestNG.runSuitesLocally(TestNG.java:1134)
at org.testng.TestNG.runSuites(TestNG.java:1063)
at org.testng.TestNG.run(TestNG.java:1031)
at org.testng.remote.AbstractRemoteTestNG.run(AbstractRemoteTestNG.java:115)
at org.testng.remote.RemoteTestNG.initAndRun(RemoteTestNG.java:251)
at org.testng.remote.RemoteTestNG.main(RemoteTestNG.java:77)
]]>
            </full-stacktrace>
          </exception> <!-- java.lang.Error -->
          <reporter-output>
          </reporter-output>
        </test-method> <!-- ClickTrending -->
        <test-method status="PASS" signature="BrowserClose()[pri:0, instance:org.testing.TestScripts.TC1@7403c468]" name="BrowserClose" is-config="true" duration-ms="461" started-at="2023-03-30T19:53:09 AEDT" finished-at="2023-03-30T19:53:09 AEDT">
          <reporter-output>
          </reporter-output>
        </test-method> <!-- BrowserClose -->
      </class> <!-- org.testing.TestScripts.TC1 -->
    </test> <!-- Test -->
  </suite> <!-- Suite -->
</testng-results>
